1225148438
1477714383
755168621
101729379
450311687
1219155764
116881781
473463833
1278848752
78364507
70775759
102376335
75707053
68205296
297244808
91350483
67015517
93233466
65006841
90810494
1019216502
1272631718
63479855
89929956
78611597
90363534
121761990
118838536
103656238
99914852
97827335
69705353
97471706
64838940
101024116
93611411
96649660
90454842
111790519
108248547
83955852
102749551
68209331
112188751
95883685
67897598
115832505
106282343
95585456
109319198
90702833
88315450
69910910
83644134
345731357
110095515
92074412
74806202
93384810
104735466
69037494
77601757
108626401
65053389
97733796
103029767
93037688
92073718
77336615
60995488
87306020
105435752
95096599
79887938
83799162
63899774
73014571
91209303
114834882
66374493
111641410
70398989
62599677
99999052
81770655
114658467
131680852
105726732
92653442
116056201
62210927
90379032
111427016
98004574
66475809
87247361
113321880
98258153
60426346
61243853
66050832
101011533
325197160
110297645
61261347
102787473
81169015
103715115
102279678
69745916
293625298
96152120
87819534
91303713
89731608
77747145
62229455
102107857
90113635
59981351
312864768
112295781
96076638
91234929
78243611
92677020
108668322
103924474
104008593
64427812
71805124
72967773
89075229
93261198
92772554
91300536
99679371
66282850
67609075
71752295
101312542
107764740
62148516
63934177
101235063
77174967
73659689
98235061
101201317
98151532
103407654
72318269
325620587
75460351
100702043
80334520
60888835
97752626
65143933
323008120
97334403
98872778
101615835
113116056
94518142
89523574
105456173
98145617
66324369
75969126
92969488
68608775
99675652
64366582
94941743
115259957
97034615
72833828
66008535
65102450
90492464
76477425
66674109
64328535
103269863
60206882
95540185
105035695
99703903
96583179
96219780
67006189
110086624
101086494
62035887
326520257
76574356
101806891
97488039
98422993
98288066
85241664
91953328
120332773
61779869
100413317
92859053
104992219
95600382
79185079
96235129
65900982
65890965
289652394
114524368
96264975
79472572
67184589
79292303
97324064
81400136
105702396
104028703
124616797
78076440
91745810
98983760
100901102
101237577
67684644
108776526
79282865
101005316
96027187
109274087
72093776
127781526
Adding server
64656415
99834276
Adding server completed
638941841
8034601620
7780181407
8298865233
10824291640
6778437743
17422576584
9080812354
14947711679
1767427488
5830423253
41593361328
5085066726
13208748484
17254147108
16247874269
16506045870
48761361224
4389253764
12506178185
41927043966
3631542981
18092177010
17845432933
357102203
19897163945
53900655530
15610341434
56205845483
12834703525
21205328238
20202198958
22232574766
1453562944
24789887980
57264517938
2494383818
76290253193
5560357426
24573918892
29164269713
26885580463
76842252040
18540724453
85237047524
19050692361
5867437188
16267783647
27682503114
13751263359
10207384252
15035943268
6416464089
27212728160
30262116712
33305642595
35832307401
12005692929
27982449872
14298198525
10488077365
86824319538
7461317504
5181309740
89634255801
20895611570
11521995100
19884285534
36618708525
9016704117
37910016441
38165874741
7747799721
40201899755
32597430051
16123569819
36403227759
50119295689
50894242917
936757682
90968157519
117120970965
96303022977
103655962370
100088446476
2961863524
21737456267
23248266524
117395510418
44320566204
52693013621
17173803524
11096933861
51686060506
37723095860
107994301352
59556951063
17443552166
22779174209
55514413221
23541092145
62631900731
122532955450
68963575036
21287338625
60616165645
133211962162
23825304730
131955042090
137262350928
28401377218
39055351787
138020297549
137516130912
24086680274
25616154754
23071438004
14723159462
139039479586
14977229536
140316302975
12711663290
69758269035
10930056807
3320479824
9425886217
77625273633
6889853849
29199107102
29967832045
11963088866
39601439441
77892075235
13494183728
30989752516
78146637283
69280420193
26180769497
72077691273
80451136256
32023698526
31774251405
32284799349
12509726079
28988419469
4400106429
9979280351
31538162817
81743293481
29772048854
40165724751
30790625935
34598608095
82011424566
25471066452
42980593669
35868611126
52123076152
84309743951
33350337291
59490917478
87885549742
37404332626
90678466975
61526438467
83311659174
40968528596
64329852856
94755222118
35148688683
32615545987
65098005176
38705657018
65351813006
35416792744
42022943294
41511727603
44308832124
42796313918
91741488179
44824018832
97325549967
34931848773
98846933893
43316435839
95576909370
40016465272
64643467797
100631375009
67420902547
43593051885
46383235391
47399757788
99377724417
40793464363
107253860861
68187681632
45124134945
68455143158
41831454275
70740331701
69728770632
51737968045
47937102992
52508389089
100171901716
73024855877
107559598400
44151969087
57594666685
107815659314
109857557222
76092132320
77112275628
50755472166
45429204121
46709699124
48993598337
55588854490
58127411788
118263558597
109617678259
116486985606
58902069448
80183259161
48755316232
45707099969
46216244156
74846741418
114979324766
87048742457
58665079088
80956606894
49277963559
59430363458
78682909564
60457989322
123670932431
123162377932
89636172475
60225980361
53370793622
61244839342
51094291016
129032350710
126242887939
120638356701
130060329375
49843020653
55175266559
54925850983
63305068480
124214969060
88392069395
60759402533
134112677006
62295087802
63573368185
89168683080
53664176275
63830694277
53929531197
98559791891
66862331671
97807473470
99327334584
134399435852
100089076896
138953957532
101876510443
57257311704
140989749589
67896543145
55488615398
963703447
62100816338
73475903767
62870314373
71462530836
74243412257
103691750631
66415641781
81865399550
83389215119
68189777578
113622368948
120229388476
66178079332
56544559766
59336264400
84169693468
109558380888
67459413951
121283805566
124600890424
86746663132
125879062250
90566110172
70520435516
127159606981
94388788389
85234146768
88798513723
74578139837
94652407181
94911239586
69285146190
94162851200
130749826124
72334396805
71324105378
75624736330
72839863410
131771958284
134818895858
132295643009
96470911538
95715441127
74126704893
101792546893
96736851021
76165679093
137626599218
102573012577
138896880065
104614342958
135615789059
106151287243
105389185622
140177940337
77984247311
81538565072
142724934021
141727085734
144499305958
79530313110
111778382862
142239206970
111525745639
79284529572
79796523002
84621760639
83350662426
83099487062
109254791086
112572145516
106478028330
85923505602
734627467
115143729012
86447675245
114132738096
114386741406
120749541533
117439893428
85700202017
86722991485
89275176149
91564036185
122054560087
125112859006
88022692413
93113505155
121812545910
90323917214
128459753531
97720626922
93413659925
99236071844
130773951730
125937609868
128230496308
131281096311
101523375183
127221042074
95714335270
104335602977
103061326698
133062633813
133319312336
107402656428
108705528740
110746631577
135650295127
137167348336
138682609940
136659874518
133880316010
111009222288
112539816883
142237222195
113052472206
144257859954
109233685349
143758916304
111541975486
114858193300
115134778164
116923509415
115908916582
118712635929
146097217295
145845231277
119242064101
116192854349
117464695466
543690813
145372250227
299314727
122588170039
122843771372
125652009891
121578627995
123369149471
125928994066
127211647690
127998967495
126733037320
130048900486
130565513061
132599012219
135648167058
129069499542
131860495000
136427440717
136687751150
137700861988
140495733007
139995062196
141024442569
144317847092
145338802935
146618980587
143845174069
61582643
101980868
92844283
89104521
117682355
64238843
84545709
64857439
103660197
71770760
82907946
100668976
102257278
100006139
84725930
81042829
116632774
77583899
105773072
117903623
106729196
113624366
104310466
103899419
104415459
68462597
72464431
68028897
80729270
92985950
133918817
79814359
77446089
105033357
77362969
120910980
107217345
85662612
107374226
78747327
82557675
90227136
78625983
84947995
66244913
114358081
77680647
97702088
107784189
98409545
119205512
84929518
75479302
113625921
109483712
79667434
108810936
65679555
68883906
102993019
60561968
66604510
67037066
97759271
99570801
61913562
332654471
98106677
119163675
76444030
71465089
346868619
102958562
94052821
67157958
107499686
100211499
95832182
76865333
92948243
117768944
78060932
88153404
109776750
72794395
121898593
74735963
82345322
77071635
69674637
303140780
118388484
88572440
132094549
145886543
118577713
73143230
98998795
90831746
72308782
66987513
77847632
78376188
325344321
119539995
63838616
86725336
79041663
77018339
108174360
70388876
77007459
109519457
119575997
73801056
120482210
70876200
91894420
114248333
96739059
94086074
125194259
76139790
91571597
103029463
111122242
121689604
76132159
105393717
87088488
71637132
109230987
103696038
103915663
74230868
70341993
88423269
92917140
102912619
96364054
106463108
120580863
73931078
92736201
121204914
107990890
107618764
70115105
105220724
122602136
100159070
88679492
78091709
111169219
60157663
74925689
95052626
61148997
108884805
82769366
71824539
90096428
90291035
63367578
291422694
64574070
96115320
121765406
73739289
60914396
107418795
101793083
104927721
93214837
92287523
95370470
85056355
92521809
98264284
101257357
93729773
109305283
77815055
84599421
76563677
106285193
66756283
88549887
81557964
70347564
120003982
109225849
102125050
102181448
84991957
113746981
73652618
113581860
77972024
87724290
105556139
103840176
65773847
103865739
116983394
114895735
83764322
105595807
115113596
94859104
110136503
92484481
104745837
84024256
93696184
105417454
63677861
93310783
118492224
98767938
118334974
111107293
109996959
102115703
108541712
83141340
72163813
107181868
98649642
106513378
106809363
68649418
59950013
105456173
127966044
116947800
94873366
73167485
98242310
76657788
107572610
75638475
119015054
119400888
102628977
100715523
74110176
101979434
106384197
70278431
104691567
111057477
120133866
103739122
114274081
99771186
101306961
83345919
103482600
71066396
75063778
64885309
293992893
102109217
101399456
88708003
124746338
89195851
117300576
93444193
104978483
118216087
63627836
76452167
107707309
86281435
74283433
108793455
65306161
84130745
127129099
111277222
72188316
102466251
82181701
95260476
118313306
111516963
83369999
90783913
84334796
107586681
108286114
128220780
68051452
102024372
64968076
109286402
66233120
94706910
81495758
108733331
69028039
103340542
75539485
85427367
65106867
99813561
65792379
120634316
101815470
97711657
82233419
90046777
88030429
64851611
78555410
92041377
122204026
77430919
121632862
69969030
68749211
71747697
99337171
68163343
116491088
113721692
108385375
60298154
85999217
97236825
114765854
68280911
107887266
114549637
64218201
103941471
108941355
123141534
74598006
110457346
105074417
96771486
106599017
59537476
319693604
90194131
113607430
88883982
105910437
103803175
71159252
87485181
104203255
114816727
106009380
60682396
335704550
99621013
101565157
106504611
113211474
69453824
73665403
110207024
66118396
102126270
101034931
107578145
116251718
107660173
108757078
65734919
82327419
86512700
69860264
106508538
121263360
107669171
76192067
75698701
71841534
99956547
103396038
90180326
84872538
107164419
100700776
102624994
120302531
113883430
92900404
113744500
106666044
89613981
87545734
101750081
104637272
88850678
102692025
86225195
109608159
116724361
104840401
131921262
74307445
69943229
114794249
74336494
69443342
73513400
102673677
109975231
104704628
86084280
107275977
106391572
74741179
102698281
108667955
122449031
118704921
110021731
84438988
109221625
71249653
317613340
108315055
69370215
86086390
94465168
117160605
95112582
76324864
80649673
102436749
104404253
115011066
74215800
95016518
117987794
76473047
118243356
128345856
78736783
113797147
98737220
96714663
121383830
131797187
77510595
85018703
107446745
76891872
66597735
92922361
92302713
105803870
112637133
62802896
112369368
112285134
118251024
73888595
112507070
78900944
62626755
64751630
316820567
108204519
92979461
93683372
78344085
99410894
94169345
133836362
103012036
72814341
107433789
86847787
104436037
76175291
99189942
88790527
92785010
122560747
77701802
75895733
118941592
72611041
78579891
106887925
70807107
92275835
67320063
99373711
88414175
86270728
90285068
110536907
69315235
102244833
95532090
116678277
58294698
94065788
67669820
61261592
93107073
89167739
86630108
102882710
83964619
107303642
61815526
88575829
116861989
94394122
73297497
101040134
120421209
89358874
66182022
92032156
114503874
75456104
81775901
68165837
108265434
104422957
102641234
72084719
283599819
64950325
91841581
96220131
92020974
94910849
98397799
101170839
75506350
116880297
101121494
65116665
65941344
86439081
118031514
106601252
108102371
107401195
101990524
108930618
116130004
103565714
107720680
83916452
118941975
74710557
106215406
70683302
90855225
113877642
75389338
106597326
145640342
127853795
102930970
69916027
73796205
105631799
85620953
102010795
90242012
92418050
59786243
120151765
100229086
75210516
73361174
89745384
77593040
74847201
101086831
121154314
97862628
82804984
82011630
108125645
111784835
75765177
73665298
73247965
102671903
88941215
108667734
73908574
108936696
92624809
100025666
107602051
92054130
63849023
88206158
92982854
90448115
121057780
94790633
76021855
60590734
322127217
95528414
98419502
98201754
117252146
77407531
100810822
68167425
75368187
83870038
84676731
70427991
101695673
105434944
100909011
61143333
123593913
78266212
86887444
72937658
110627083
103525200
92232603
104653347
59923332
92860039
107947921
100982498
109768515
110003500
91298276
74357191
74248898
83964787
107276314
108895944
73728113
81514286
73749233
90867752
123491665
59090482
75987360
73882439
82872685
90509918
75522245
82091026
82188335
105183638
108446582
103084093
103586605
81401954
80189798
69984575
94079702
66838932
116843808
100869758
64623360
87069223
107517906
73660781
71801340
71239588
69345997
107589342
110422037
114246134
76411623
294090184
71702849
105622361
93266110
101811220
104991192
90778088
66351082
324104031
78664020
103649317
104474708
74624382
90820651
125306226
81753669
102817897
99960059
112186957
101373421
106018011
102306089
74700180
84125626
82487312
106347725
87661073
132349916
109727153
80117066
86670660
61849362
128254848
91499489
112609596
107582005
100793012
308939506
110501237
117448231
82866892
72545838
58440341
122579903
91232323
89707984
68629948
65373810
120447675
67951502
119394921
68584522
107488727
103628387
98188735
63251190
334409544
121814991
102624389
100914095
105910203
115354594
59304366
115624374
106813387
71203232
86772273
109712250
106603891
117266144
88044807
82388379
105013045
71476664
104822113
106973003
108920629
87145825
129407595
131169813
74024417
91955274
87655768
90156467
118740583
70233920
296223904
106493986
84845268
94764756
104987529
63169800
84484550
107688919
78290405
89802414
74676707
116571072
93092604
84035426
104890823
74186637
77891496
108867552
105451792
63683851
67940222
61348279
119485959
63037976
101583462
93913235
91303553
88178327
114919596
87993514
103260336
109265928
104184371
71630741
105806181
84573281
73546508
102607694
102689589
95509990
71198279
67604298
310524111
70324404
63380698
66723462
122583882
112306915
81268979
93415607
61057097
104738631
85217355
118518073
100752249
106051157
107436837
92723469
123560715
103551684
107828198
89970397
92720403
93472579
85818044
120068834
63649205
65918627
60429131
100030103
85108271
113253528
113711835
119413953
107749789
100065232
101338502
67449924
115342745
82871622
63564947
78238495
91157360
111747956
99366193
115474976
90724301
93083834
72067118
94511494
98297717
81225079
76094928
111729422
116996931
78235671
105125343
65841351
97703003
81285047
89000225
93023359
81437773
76885359
102406278
97598518
116271846
99528768
110088647
113341186
101738497
66837043
82494900
74354349
90561730
93976593
84448614
102989518
66693607
120936062
73997377
92957124
128030873
104535763
103819465
97591509
91148358
88546164
116820644
68122870
65177880
118732671
72337732
118741255
117075948
71886392
97737475
88209348
81985180
109458436
84836611
103031829
68964066
64972665
112609928
84493564
117263767
93766492
102635195
70602049
102625796
94434947
131442269
125988034
63450462
70986077
75483822
120433612
110860357
84610903
76856431
103136351
86477653
109457162
93409723
87809283
102763231
80183029
63772025
118109957
71683620
83047554
74088146
72440614
108659365
68803426
99532983
76370539
63055036
103874802
171022720
59244523
371879549
111076478
102028819
137773797
73084940
60660427
115495038
104910831
96457011
71044141
320049336
135041499
79078668
88859458
100480987
95058620
94908723
135165616
107958972
104225600
117894719
102980330
102734081
63898087
94946686
94983744
116728225
120941706
104971358
83781563
115327071
99352434
92083178
102122604
106438764
107060265
114400585
75028662
72171154
103255897
82982416
101715614
83113708
75520290
106926019
102581192
73311067
288305809
109902728
73905973
91837551
94850350
85116494
74762228
123739182
109802638
69662888
101950512
76771186
75274502
120569299
78597930
75959467
80064379
107168367
114232050
72984137
293698623
83290287
80841993
94776344
115832799
69039018
110707840
112446871
106168456
120170658
79486583
69301325
90200833
113994831
103955890
63333324
62353551
107359537
92259521
59406016
91668692
104890061
125718112
112735818
60314172
81441621
103998782
76596171
104683130
77895179
74541056
83829848
68553945
121822082
75933172
101471541
117137020
108714072
104611937
72994447
106156192
79227127
100630807
98936267
87802752
72095366
104816174
122349141
84174892
78477355
114690286
100777362
89620976
93430940
127509130
83914502
108216703
102075788
103330718
141116336
109270728
119129587
109256216
71047169
72865223
105180244
105881113
99158425
85545974
75425011
292925659
108821742
64553776
95048074
89178279
108146966
110026989
70880030
126214422
104813163
146754935
83772494
112154981
108705922
103080240
87956074
100969757
159361470
119021294
160016580
119856072
108151501
71595877
74871803
110637780
116263096
104806204
70389534
161977591
73380839
108585287
77509283
65305762
102711610
64241863
115496137
105318028
86325464
127083489
73991229
93750685
78883715
114792619
123788481
118764894
116544708
139040965
70829956
108672947
132501243
100973138
108763935
71458079
75886644
118245024
88036546
90816724
68545283
131083368
105318434
118538431
106681373
105387885
60971468
293904016
86349867
79244022
72739329
113649633
103146582
95363638
94173737
62731622
99411835
138284597
105576029
121214155
132641360
85299394
106157615
104125746
73133710
155147859
66286064
118384880
92154135
105776892
122328682
120023809
70335122
120616179
109842721
83664482
70263895
75461746
132872720
103766730
78334174
71941824
72076363
84829817
120969931
89325826
121033007
113245894
88325922
83544411
74348761
76204858
64765549
67029317
117933284
80586056
104420140
83762585
88142537
74844737
75854178
126757215
105616416
72831837
107015735
77343913
105872409
116196076
81845605
88297990
108326246
119563991
119686980
119212538
107747625
70897898
71073852
116286816
96582890
115923603
82729741
92661121
84251266
83186329
106644146
72448463
310492602
74322977
90090594
103413927
95444283
120811511
109160437
98911888
91343804
105919533
92239544
101117834
84425088
92705016
74203966
107678649
78530677
126430002
107627022
76755679
103266050
82033769
101709541
108640593
94074127
106718876
371242032
105884156
108558118
82856502
108251236
70072831
81219719
112816651
73056125
119499533
121365274
102260253
73606180
125233107
110813085
78965814
108089173
118291973
103137944
118351479
106256615
97081334
112249508
79478535
73981075
102389119
111097359
115272689
111104443
112854597
98593690
126444121
94490786
118385648
69102146
103796027
116172788
103316381
84370047
96869443
73818183
103123252
107343128
89643976
101000752
84608330
92663849
122346616
60161704
106026486
102252558
75520265
135654071
113524381
74901712
75423866
78303912
65052274
90231566
65646101
75920787
135621471
70228840
118475207
109773289
120913256
73420148
100336964
113405322
72402148
142543837
104864543
107381436
126253273
99803082
94640823
113797985
106066383
115608881
116716408
115831986
107362033
84235224
110966813
114060249
103209666
95289580
71776482
79868166
117891466
69536110
80617698
115519492
100487647
75324566
333794629
106297934
58368841
68131323
119651990
71505507
114382229
87203077
91205735
83377998
62942283
298713382
74328713
123771543
74898621
66817871
108264815
96096547
76211452
297458167
77483415
87370615
81324694
83812800
101599265
73067950
90464110
82133376
76349014
123413648
71502950
76277717
75370731
107576463
107581095
87958962
105574783
115786707
111017457
72457020
298812417
108742172
70946228
74465192
91396492
71574265
68213894
81601185
110555200
103631873
70621336
63651957
89426443
127121147
103995756
77107173
108035979
84942579
69988631
117594313
67119265
Removing server
67604888
82784035
Removing server completed
1315566010
822083589
317930495
3608377820
2089974552
582314863
2856631170
2610729271
4891316885
1101970397
3126512122
6662488072
5149312689
5413032424
6167174099
4656021310
3902321879
6436166191
6946355151
4426123508
12029083775
4175116680
8464708088
12794113896
20419513346
13819318217
13308281644
25962544965
21933667816
20171914038
8725687057
12551618175
19418174636
19165738706
11027326257
2429045885
1921146444
5966439240
7486564418
9507915350
7737034493
14356331994
14866752663
13081451953
15125171708
9264614531
8257908721
11312802572
22741947149
23506206615
8030956916
10312214316
17193264637
29302529188
9809238025
24023127829
16695613663
28048328864
28309456181
11614290483
23037219017
30335868262
21017915790
33614376775
24549353174
25307521129
25056427880
15958431150
29592905435
29085879817
14691125373
25816027218
17742428577
26579433354
18511059432
27842758872
25580306479
30872557987
33133946124
16238661758
26339907614
32388232854
15744814292
17524808016
27613079516
18036227938
33416163830
15502526865
20079586099
19076396908
36474801191
31929426119
21859287811
35219101578
23395179910
31201200656
21377664677
37275798342
37032528700
24420892539
37555661548
29982402954
30745021872
24947279808
144420088
38570112908
37819432076
31504296504
28734410063
31803747739
38124071982
36877569910
34346858701
35617232967
471164009
36380993832
74735505
74219736
127846925
112190403
73685808
116292605
106452984
93045982
77397823
109170919
93521237
63932413
109713084
61644797
107059056
102033500
91016650
65444859
290784864
82636416
65516793
69185823
97076593
69123626
287759472
109491345
86996183
106357714
74051031
342013024
141891441
116656821
118795081
89359372
103487539
68315777
117441819
100795529
92733456
69470040
87606704
114528923
109568899
92731074
88035807
98538612
114376969
102753480
103595029
88442182
71200927
88332112
68275508
77906706
65282993
105023222
97624812
90256002
73921990
74348674
60451301
72786680
74250216
65145917
118529631
114510999
101508095
106257769
107502253
124061713
102264735
88672372
74118610
96936311
92792470
107753923
114763809
97641866
60491006
103498356
59773905
122038608
80635670
75900604
144896901
104284829
88383152
93422406
80999421
99008686
77442486
86004168
77080297
77457652
95080317
120052366
97985263
105108070
102362372
72403504
74328760
115753604
72712085
106181800
97158439
81655836
109153993
288905655
106413854
74190194
70645755
116940866
72143683
84138946
72676572
112445883
119034651
103675664
64789712
104308851
60331582
67491628
136567158
113764964
102791472
103312301
75250259
110841706
101969314
110078930
85099275
104253028
74878095
73623602
72064267
110302401
73028432
76841384
316298155
118683811
105492083
114774022
71333404
86825746
85859545
62064946
290130153
83433617
120569391
97518126
104742594
114742438
82041013
63900965
336292591
111381201
64064867
119824186
91844896
59283910
104749157
75847562
79129222
85154629
115916628
109074567
118614709
113788427
65670898
170887765
89258605
79942497
77448905
89987269
63919042
85002848
89801492
64009263
63673920
104662585
62594726
65119341
297777848
107321133
119221607
76753865
64304080
91302662
104635620
87827279
108096165
90637782
66437055
66292087
100490461
93613963
72425619
99802453
64537660
121685473
77868849
109503194
98887585
73230727
63792484
69847572
336531717
94092452
96347427
59424739
69985117
95437334
101356088
98727844
88217992
110602864
62495795
86087092
89758772
100481955
106096431
88323751
73272723
101205948
120995593
101180393
112877065
66253862
64563493
78446663
66474713
87174550
121607564
108443268
65894491
99674718
67852311
93979069
90751408
74119847
72349231
80902048
104762050
106105197
117394844
75803037
60739583
103762600
116623275
115757363
116413764
60816146
114430460
124870946
65343622
111641378
79657150
113571906
141084213
102631268
104658685
92394232
67570275
66825235
90067925
121753650
81877258
110223586
105928603
105779260
64399544
73348817
103969012
85104706
64950896
80680269
87039600
290034029
104995255
94278987
122182626
93527629
113876023
58159444
106165320
87012010
78537670
66671411
108843223
92498687
85433454
76822515
107673571
93911500
104100315
90678098
111833773
79685041
81793350
97340585
94826219
94088112
116408803
73373685
66614120
64591341
317047994
107590866
106630415
70103412
74725703
105420967
104038650
86535359
104588436
81406658
73247698
76355575
85138844
91441305
69355454
103046335
95925128
61185412
108880003
121112757
110223474
120895848
77590150
103768387
64408637
62315327
102328720
90034451
65297156
75144722
77879596
94618446
61742732
321610188
118823403
63870492
103036384
77571263
100806838
72367467
113197008
104875682
85095640
106583560
104566357
81632853
103057177
101556372
105476036
71599119
118476738
82817326
60226946
96339094
70057846
118302289
77555333
78000454
75581214
85073347
111284739
105897475
70096415
107326913
100759465
103172980
76412983
61368203
66578377
71871898
76475832
89247086
96847577
123054160
62500746
86836951
70544393
317580499
88424363
88446369
93698590
107102525
108912915
59507884
98911904
100697383
87567320
63164188
65794633
104662575
70002485
87731995
110086215
67819650
137993079
107665139
92379693
90974687
89721569
74414804
104660366
116361611
106239652
63926288
64719448
66871973
101075313
68742768
288621540
97732665
71739502
127522483
105517556
102896786
100010964
87816677
101331266
86837986
93612959
79558359
105758207
113694765
93705800
60678201
73806903
84441826
70367528
70564087
320833419
94997426
68646099
64001666
101379094
71914016
65103136
343457190
87027834
110222660
81776259
71021555
97327648
66075612
104787163
117653928
93609893
95399421
81910096
79628967
71874001
61399270
83114014
81648024
77521721
74535332
64500382
319942224
101725865
99082153
60452881
60962232
330104957
83998723
107380365
102599210
65260396
70076983
63874542
63621865
89552912
115107061
101820377
91087978
74303884
73349112
63249050
122113513
80356549
60279478
93773568
72045884
117068223
77842455
71616619
84423910
105180029
74258937
294028571
113254670
110783573
76399115
322172219
135120078
93119231
105272407
106373968
109845565
75170690
95623827
72723084
79233563
101607039
104782647
103139707
92233871
84426074
107878480
100822246
66100906
100486381
65912620
326967140
91707373
110113313
103231630
98320765
113079391
76174835
74669908
59280005
64801414
109977620
104217679
89722229
104773729
95216963
61992188
62972032
95529268
108531456
107603800
69846849
118134507
98943992
64441512
91563327
74286537
102362659
87247057
106941475
98529914
64590920
105772098
107675548
107792016
68956888
60709737
95366637
115937605
87656777
95104087
73452959
75947340
114811672
102975188
101800597
102158220
76148447
101075477
107841050
103950089
73123136
76419318
76100770
66104517
77986009
77204076
110981253
74822744
62223108
327345349
99769004
75215598
112717221
94247454
106374032
78272536
104954752
92443373
109658375
74247188
106330494
104473903
74427032
93584222
100030698
83808907
107816607
83561821
100878412
113832072
103927146
61056290
63991792
100930502
92616639
72860910
312652674
95373494
98223018
95243342
76845020
64427515
95282103
122860320
100209691
100186204
