1228837357
871530460
1257935562
424516853
431065585
1167770908
423805312
131814116
1568237274
1322169630
1415593996
126569057
975536007
128514604
155585270
130632364
158043509
162583810
136604320
171017424
159156353
132318997
164140323
161229200
125838494
176392371
130772988
135654726
127210952
134208761
131221528
132694284
142817847
141962297
150626648
134166917
133556663
134352613
129325870
131024374
125850979
128592458
131801570
128909437
148705988
173438409
135287965
130627671
132601361
170784998
126585530
130398535
123742624
129431923
164210932
163844222
129077296
130284259
132587126
156680379
122260157
162257742
145757943
181735172
155726901
166118725
132307420
130531759
128820964
153531362
133313155
132404033
134839845
131477912
135046558
156287401
141866352
128498003
141086208
127379331
150586351
124910872
137045045
127749023
134465496
503459699
140285020
160384023
170153510
134124571
149294022
155899764
135305597
120504999
130240901
155065142
136177999
134249018
131353802
133549725
125722679
153481424
139582311
151338834
160931763
135619482
126709901
144615910
144628210
170649725
137722089
160361861
128762200
174796341
122676147
134872740
127064322
148702422
169166260
132671164
149322819
131193772
174077461
152283378
118722955
165453036
155096258
128034862
167798672
158243580
174313743
127947465
124924928
169590541
129304275
132577209
164699098
157511264
124433469
160987917
135427131
130143846
164440510
127023761
147492050
159796056
153607197
135240131
141838233
159299686
160530569
129331676
128626722
154029179
148692777
129025462
136037719
159879206
136547074
131785617
154207844
151151146
177312435
127210905
155102242
163907932
139738988
153096841
155822476
136429103
166597797
138345761
168882936
151227874
166621961
122945364
131035092
150352787
153385624
161930564
147678187
130580889
157363043
166811101
125989045
135041300
164700222
135987241
149025496
135915909
135721559
153976883
153757885
148000936
121880861
172486966
138775508
131279821
154059940
164249025
157884401
131576216
163893698
153174077
142306168
129541875
153841059
167681704
131615444
131191222
128330021
138341625
174334033
129964653
130566844
126692887
124697873
152937400
125528229
135122088
153743067
150700667
129631758
126757037
131558454
140131190
175250959
128567024
146052544
145167339
125186385
127626314
165993603
140060138
167682540
153705669
170774087
130666369
151248171
150762365
166718663
137845063
136869335
132158713
171275953
164021820
172519085
133672697
123625884
143750030
169157980
145087428
162634421
127360337
148656760
169638689
128341415
159983800
156142617
122670105
142671405
158082984
129342659
140188187
172092206
151499102
137838656
154092431
177782523
156353927
130452745
141617221
133716907
132362475
134268512
140044645
160182084
130540254
128760182
142683341
149586526
139984588
164742452
158030168
145996715
134831753
140529320
137113018
155374259
152302153
142059446
178190348
160234764
153233961
139248614
144755903
134598981
140391123
149709101
133412901
153839345
166269110
139936485
126549573
163688173
163170685
166132496
148176970
131123786
154923690
145470231
162998841
155164001
136134799
173287107
158108936
130963398
158667388
148652829
150732310
124854299
165584308
128548177
169556317
149671304
154326838
142271169
176537201
133697861
127363578
148716045
164229050
163313742
181677469
139084619
157369086
170175173
140153775
178346461
134734417
123363845
149160500
128866452
135278265
165605080
162263172
142300609
142970627
133940298
170829668
150655247
117976957
154018772
135889941
126876483
152325601
125333708
138984759
137190983
127191234
153951993
172511569
165775620
137334816
139534725
182988934
155111311
166179172
122452907
158742934
138122844
162863556
152238640
132541940
170995517
136786376
130553219
158084672
157908475
167603303
145678380
152401934
133884995
137461940
167423925
131283520
170934184
156348814
154551289
142528104
128895095
176400836
134403525
121750667
168620879
159257223
142591948
130389248
120741473
124891732
146222500
143006922
152044404
156293603
162669374
163079400
165408526
158482901
157891682
148526665
165657672
166107709
182428048
127611331
155305794
124918849
164603485
137840980
139413263
134213856
161430776
153864698
126128161
173480406
124156772
161020636
143006509
168394645
142731093
164785862
153965026
126392235
142767432
152295552
129404228
177000614
129742813
157698302
129567144
165744169
121720814
130604165
161506140
171101850
132108779
121774437
159740881
148761267
131538172
160894014
131746763
162150824
167390605
165224643
124823668
126579932
163979011
127447702
128212888
129423827
171926352
125606815
128604979
126476698
151199479
121573101
162534513
172718997
128351278
130507513
145466378
131336321
125914328
154757921
128653144
128018106
175248834
146323995
144974887
158674124
156885107
126011330
138175201
179200811
133500660
129830924
154791326
164840035
163491342
133844011
165006800
123401322
159654806
158573359
173033656
128075701
163286826
148891478
146793213
130108700
158919537
132875893
138771836
179027986
148539542
154803935
129179097
150004342
139212057
162885210
148758784
162567020
139071614
128584032
135578625
141746588
172635634
148524006
130331846
141278572
125666170
159465108
128524783
125444683
142664456
130363344
177191856
133550380
161025644
125539006
132440986
163712910
133494714
151676783
172431804
157610175
143513829
128527228
166565757
133014451
129537773
150284826
174963847
165496112
179261808
132485984
159161932
142075271
130248549
127775979
156041072
153865308
165667094
144217385
158857192
157938134
163979650
132556151
163546023
125435349
132516220
123036595
131446672
122959001
150714850
127913053
141678194
125687094
121822746
139897132
167772211
145829272
138142409
123162393
123971221
163677532
132070704
131896896
170745337
157578930
148816977
157545397
171578191
143475276
129970611
166497049
129664363
148311671
142941880
157903981
135121406
154828905
119385754
169086873
149464852
143393481
126897737
130418030
164232155
166081646
143524658
161668086
128143891
193399699
188480400
136995887
179182070
135286909
155752125
160942586
135327462
132174714
137771611
140577642
133533744
125294642
139573603
161933985
171463786
189963689
127261978
165672275
122369192
158151202
132165873
124138735
126036868
178657556
164345985
132409832
134997248
144489781
171321460
156960762
143384116
127501791
148637886
128889212
130963392
164161881
152958004
171263626
168998527
158731563
130478548
159166276
128025177
129391430
130985788
135518482
154628751
156142074
163349359
133706038
175095729
130803429
186328169
160300353
158611765
153104246
125974680
149943895
149641768
130684857
136955815
135491299
121073395
121860640
136239740
158690202
122619987
128591558
154270962
168753341
130799353
157933526
152205743
167295095
167672071
125088943
155379801
162737289
149736115
177829087
134623752
124809344
134237123
201422178
142295848
133177016
171061684
124783924
161771380
165004613
126352237
159032066
167294105
165304586
158797310
132348792
125289993
131150933
125845977
164740347
131614463
147920570
172556707
129102344
169829237
165602464
174838460
172115726
128141162
130951107
137790633
141153745
130617022
194925669
152153963
124106028
128117073
149415128
158478395
158820965
140931461
144326748
132444723
156336454
129141951
147808977
136895433
141300224
139628123
135370371
136889987
170655513
124782790
140376738
134888230
165935511
120662950
134058425
168675579
137842541
162664377
167622831
136695929
140457973
152109715
125383455
154135569
128906909
129177806
137509033
166610918
144752085
136884088
131722507
162903458
151885284
157382440
127597234
155706646
134321261
162876212
130068927
132230602
132471856
125088882
132107242
135399678
128037990
154349501
163548761
141122753
177339034
150497186
156603421
138129337
163558742
122222928
159998438
168681472
165262609
122548987
171480569
162806310
133576315
160460579
159291511
158228624
135937977
128377754
175149873
133508251
125977487
134007007
172159936
132284790
150159719
141620336
135665740
128359154
133310760
131864776
126460451
130814483
167671959
122087930
135820884
140160595
124939460
126624952
125874616
152862574
159883645
149028683
131635775
147129731
165346653
126959534
136945554
142398092
128435318
137508491
134897041
162575077
169554888
154901771
136099846
127333106
140138325
137159578
125533963
153576173
140799398
126882204
124181796
125086064
131381953
143003747
160420074
150541130
141806935
157625615
126279709
180920278
174827838
135805617
153754099
155785428
163841773
148282534
168777620
128706729
120396765
133563910
151868050
150232622
155452459
158473682
129341819
136191512
169696395
160103361
123328777
156679773
139565940
175666986
128535627
128240943
158965011
135468982
142096429
127585147
131350891
135507056
147220067
157591655
132917882
128134809
120616166
138488392
130982256
124615351
149510144
122863518
127312160
138619699
134593065
121690844
161979152
125540043
188883928
175273942
144824818
162583283
155894574
150879846
175511631
153059350
135574690
126937948
127345649
123248461
131256929
126740935
125786662
130307515
126289800
168456759
164250149
133703099
163236764
159214193
123011265
138304240
144074893
165889507
131824422
127488432
157984142
178812298
151910054
168142275
134515865
124355293
161076496
149856585
151982029
161736630
154278080
132387510
121840691
172083867
232499675
159826426
133093639
144613923
167978415
157559301
169230895
126871574
165166018
131787690
139587728
176520705
132234514
141391405
138509304
133367148
132347963
172817605
155114284
127917437
157326595
132341764
147964350
183850746
133942908
132138524
161758290
130772816
159652089
135986569
152381100
122093832
150286452
138819451
138532321
130268198
131175184
122534031
123837140
154522353
129327472
136659974
159226080
127184938
148955425
140635600
130548671
121923989
175723157
163577206
127837934
154232035
180470271
161649628
241160849
144380739
132772741
123886115
138571394
141818876
119871451
153056768
142344679
131336454
122662473
118814134
127401955
127692762
152374007
163086321
129866886
143945107
133532375
163214367
127885438
132625190
165935403
128209980
131015398
128255775
128105948
174312975
134633915
155679818
159722366
131190513
149379721
160399227
154726733
158697357
156872121
169016095
130048605
156991854
133385325
132849311
147798665
149582119
164349243
146441544
127706806
142685808
154037313
149470157
165109516
122494883
154572995
144002926
128378929
149528905
140646251
159307676
129759606
175436396
134683051
165962858
171318661
163749699
133350670
174156281
172494371
164770659
163278186
131111119
138165068
168475255
132733748
152701740
152785891
150555523
133428206
157158778
153677465
138688952
125259670
129613363
160323196
131802953
157376805
167764578
166371205
124337243
153102822
165309734
121175351
142328891
160763911
156758223
162642660
177338282
136208860
124048601
152501005
124857663
120552037
156701012
153795126
153579058
137631596
159719176
163907939
123964545
126036020
171714672
173611995
134570404
125503745
151696391
141339562
153980323
167991091
135326682
157552632
159724417
154891684
127425455
137603243
164200903
164073501
133503706
170438623
132426125
182069251
145096579
172131925
155295279
151594672
156196480
126153048
138805153
157764782
159222481
160182579
131944851
148451232
132604292
169552972
157916552
168999920
160515106
156465655
177729342
161450587
132957602
161710714
129300587
158949459
163082953
124708412
120684431
162027924
131079452
177903923
136356790
150340222
143187521
137435850
137807863
124475011
164772231
129437821
152972265
128817871
162821762
181256949
152146907
163842411
130190976
162197518
175771080
122746890
130876422
171353676
159116695
137819303
149771527
174774443
124217306
142786387
158308851
178000466
151311280
134530558
142301033
160048242
141391707
173589405
162699165
146621524
167601312
155352867
168394379
164739839
131701645
133164497
149720511
157537718
120038469
154407309
165955143
135975008
150966936
126288695
181541512
134230084
150158550
137421515
130006830
182660256
164438875
158573447
162551016
166210156
127253025
148791485
133069376
126501788
126539429
143172014
127783765
163810066
124741549
151255421
138919436
165619984
129349154
158814647
160917282
148499341
137984639
132730420
133136565
131920310
132811295
135973070
128631548
177114624
174305111
157010168
178327307
166921721
144552939
162090458
129770196
127525060
120679963
118819269
132203731
141554017
158891944
128108288
169129422
135133589
130361937
132199070
135793094
174104566
178538251
149294439
168352101
135410131
134392367
139562435
126629397
130182318
169240770
145812594
131360020
128880097
151367549
164388693
162942976
156915536
159074117
164762771
163967422
161430579
158378912
125191163
133151717
161550885
175799744
150043644
157549701
172455608
134426051
137442446
205008894
138609483
160467104
132299833
163120870
163316504
126183305
165377001
170487090
137657381
157802124
131713936
130244304
121270647
162280871
168585419
130448002
136015433
151513527
166100392
183184811
131248936
171925212
137550570
130865682
145749438
159872140
127122151
136325592
166315390
167733644
161575163
127152060
145421383
143352025
144136824
131683718
143406308
152305207
173715976
160504929
148255514
137583866
164278949
162956540
128947811
122280459
140728956
164155154
133593216
163900698
171325545
130873788
150686553
169679087
124856739
135608580
132558554
127683868
164426599
133203359
136104924
120778049
129767295
168981145
157126878
169725175
160195304
128054349
135757728
165097403
164476614
154312372
168468884
174224356
133091253
141378769
183830958
170025654
163685762
138589372
167854861
160690265
121132853
140363351
161897671
130542652
366588826
312843118
136947617
125326517
127661789
174314818
153710529
135787054
155815022
158477054
130800097
131039051
133717721
128916597
131413892
128094940
133515807
136125321
123288640
157612371
162708118
175268305
127497844
139439722
140490047
170140354
157666633
132588634
127038468
169002857
130289265
126279884
127181337
129634609
159810791
134173201
144157216
159904518
156100736
128458354
146908302
126763535
126637992
153993112
161132218
135866171
157157191
163576741
151667293
130980055
121391566
166981994
156041499
133754674
168359513
153175939
165738691
146919683
177510409
146643685
135940434
133197459
147992544
136600100
174235515
167719938
163591518
155595313
133714339
131738271
129753155
128132345
164917841
167779480
138522864
153752010
171152876
134097771
167157872
169234087
135739865
129283324
154210705
135177887
124879299
128647929
162903861
148786535
132903060
165922872
128802861
147655796
156164714
126314291
156084067
178949671
150333335
122069017
135939358
134059625
131885456
135074557
160103013
135874154
129461488
157679929
125135409
168486443
134560400
132435123
127942794
142488658
135859183
155828139
175726760
130962518
120585926
132669557
174472835
128682582
143718925
135314262
139825292
133006003
133043855
114106710
130365354
133324636
141456858
162703647
133760167
180688116
127371368
220502787
135321555
131852207
133254868
144600412
127348878
162144924
134969135
159936448
132215699
142946667
154791452
118081899
131715669
163017494
177236132
126206574
150017263
154793796
135520332
147074705
126244883
136670535
159557830
136917830
172289026
169103656
141959233
136058112
140377181
161692281
133004733
154777758
182435050
194878969
172725464
167872454
133590355
129991658
167422573
163642034
124190664
128509597
134185493
158635959
129783110
145937711
145147933
134562380
153587620
167542645
145703867
158888182
171938415
135177505
126857476
173022959
137097278
158968212
152551840
165609171
148238721
177431352
142043780
183131810
180453027
148087739
164177168
156665004
123377317
126045273
169166508
141098915
166320008
134262924
131389647
134507419
147994948
164687296
130248269
143979260
131638348
175679795
135620878
164891001
129895628
154434213
125676263
137109733
122324229
139089154
179701328
132761902
141573210
160181536
141489024
137548747
133313335
162383269
129075428
133919933
129689536
158442128
159201683
120445070
134075455
130386275
146587866
155323168
141094726
159959472
121905790
151150967
155787070
133761845
154068379
142816290
127786239
146678223
157010603
170594221
158515694
136437356
160475756
142924610
135897832
162303198
171172017
164769414
124406642
158928489
141702662
157458482
170005537
129259289
156511000
171521944
174090427
167545405
129885164
124579026
128842203
190810268
133057593
158072169
127415759
138744200
156161411
165250817
136443823
158874198
135863570
154441186
155187264
134173057
131612629
183856048
155307137
163579318
132788469
142300476
123397652
141361641
154079074
151768638
144607932
124745047
126577912
152360256
153628929
160381947
129863864
119459792
128412007
150351723
124837477
155197480
164329506
169967950
133002768
171566034
158010436
127892897
140720043
132610214
152818373
142042054
141798500
124282571
140877694
162767190
162640854
153220935
123718829
131533754
165718514
134119541
156416482
125089501
152153085
134395002
130023309
167656776
123181480
161797507
132531556
126575203
184027448
159818550
161326096
157852676
124885949
163552177
179443895
147098356
155082222
141671263
181678227
158982066
133969936
165522235
143555980
127037838
265418039
127483355
141050499
144551929
169982776
134118567
133059278
156114191
163298474
148710597
156444311
128016745
162115375
158908044
166871378
135431334
132608510
164963245
158806650
121960873
129847573
124946408
126091178
127796568
162749149
121977718
153981157
123527658
133859536
132697636
158753547
138582566
120683960
131878127
164366538
130990763
127956147
141304376
168327106
165492460
154075334
141289596
130332651
125735891
171665819
154609839
126131284
138041242
126665813
158555569
128751175
134755305
156097913
164729386
161870401
130065009
162429501
156588580
127402920
138694227
130067055
138888371
166565737
142327805
135370338
134818539
162069583
160071059
123084818
132479036
139434685
132596847
135941077
141075297
162997542
126852007
132322619
158887312
149410086
168204886
154612286
168518489
139745797
138325186
129021281
169343598
128484062
161541516
130873500
129250446
159787363
136279082
164116231
177748791
154603566
138991190
154130066
138017343
184099480
154549213
128536522
171825463
161274790
177627279
155460613
136062450
128120945
131030878
135487537
134044944
141144271
133672353
162339586
164212475
141713536
164627192
136596343
163222341
130859482
141777659
156443915
172345579
174049148
121809490
148273116
168146963
136179043
157227560
120718558
138011626
145479913
160930406
133164508
170161749
142999981
138359815
168050316
141870195
127647171
143609494
163803982
162201983
153882647
128069529
164928878
144329136
131416859
148255355
163959411
129425290
165537828
168117807
165418798
135213634
171125273
136992798
149098601
178833280
144965411
135591268
156034772
144593646
141467513
132465022
170244689
156743189
164377469
162165821
134631109
126604445
153697007
130882098
155487364
145458930
133077517
172815379
153030864
131020992
158722665
120689788
165665991
128963824
130383224
143362232
123072054
186354634
163548709
141107433
131245913
158849460
157615382
141161586
182436409
135217717
170446964
164870870
145719687
138001042
130677137
145611820
162164189
154521924
142694148
153961714
118752283
124255837
177959410
125832436
128401022
150701500
128693310
129075907
167305784
154083582
156087859
162786167
159705236
127578511
130537965
139401903
138718848
136227470
130003046
151688727
128586787
167434774
186084386
136425727
136139680
128023310
134628269
168609979
143628550
162676749
148716681
187797385
140585488
149379816
154663735
124582798
177384338
139353791
178479459
157499045
136801511
134558943
143781100
122117933
134962396
173779171
157851926
150057470
172133661
161541885
179594794
159555110
132552257
137189643
153800447
154158850
158442138
162715093
130818541
149359232
133101995
140723468
163745397
121637402
158309533
157711404
157969654
154585050
135725321
132118967
163609428
150190877
173533495
129679413
169238106
141997060
157749747
171089424
163645177
131435514
160856627
140052206
166512590
175012540
181998658
156511048
154288426
135854454
127708171
134984693
139908432
163498252
175259348
156557503
125669524
134692010
130786878
140720877
169423677
163721725
136906065
152729360
158482131
149304269
163791953
137455038
134834077
166942429
140103924
160589159
169598190
137133949
127667853
165388889
137492257
158999950
155098055
137403231
166945634
136930010
125954155
125978104
166636668
173418082
156347379
138162678
162743290
159482322
137322150
139056659
155273494
159128228
157194127
163383447
132121504
140933434
158964075
141534256
129502721
126262165
168604563
137692627
137080029
170116225
163457697
157919318
146309229
147456237
164194236
131237004
185431965
172717915
157201173
164160435
129078343
125682490
131576141
141496445
154337777
129680978
133468179
167362115
183208282
132096002
157601736
129862421
129364269
163906870
122666342
126396898
163915951
161805650
130260535
165161137
154541770
131912690
165912185
158340689
165680995
173725613
120538819
130232983
133980057
180176565
121304800
133097071
161923145
172706002
168525639
154266694
135930339
130395252
123425948
157928237
134063921
128522174
170049016
128526037
135615473
131219002
162966547
143369474
164656974
155652847
140418781
170278759
130206009
134918865
131846010
136726642
126353657
178024191
145250794
164971165
154020309
163499688
154691130
130507730
139376391
129716604
165936284
164385768
174837448
140794064
166930450
153026254
134105224
139218299
149498428
155124258
132586509
160486918
135703325
139688460
160673003
136648412
165042003
122623311
152315028
128571891
139877565
162184629
153149035
128961748
157602302
174479014
129700036
136299189
124940013
169045486
136291957
138565957
153184313
126976815
149764496
152876909
131574620
140231127
149723502
170109607
129661153
157265907
176073063
134759415
162038960
160530676
164269373
168293894
154264794
153639085
149580507
156417257
134513531
178380059
130103119
169957107
128695595
152968035
162304924
138096159
137398002
161820167
135686983
163527099
130100665
181259081
158145622
144343825
153250768
123627802
163185649
153428246
178291270
125481433
162070555
148879479
140429215
145031580
136519181
165403760
167920175
167937240
159565231
124735110
190368310
158476375
127370408
158640795
152724852
135777503
126363647
149833792
135360248
126452582
162447345
170373974
132397450
138693518
169686593
131654694
164445983
136531547
128932041
155992977
159317636
152954146
139824481
127684421
176970808
162392685
134637732
147952145
163875566
132372854
136304078
139135080
150874186
152678406
144101255
127947771
126472352
171435745
132084888
146214675
135054873
156745611
125981356
140313494
145333037
139179278
139071621
167104116
130144924
154149390
148979856
160960327
153786515
130928169
129656512
128888861
161230389
137746876
167866152
138375728
150482836
167038675
137083372
139100144
130258817
137955558
159915005
158985627
168242882
164591681
144606257
170486339
129493325
159509112
159535211
138010842
169695182
135785867
127153654
173322255
130338683
142704039
144201407
128078792
174406278
164255270
130913711
160279160
134034490
124863350
171083467
132117373
160355841
219612058
133549717
144071871
141039585
156076608
158205300
173023675
138390962
123870405
129464561
164337020
164617501
172692459
139259903
159335164
158595377
158052307
169742033
158402063
150200285
126828737
135524005
127381093
481000906
420734309
369482400
285284872
508054744
477104690
379539187
386445717
482178998
339979584
350058229
484660485
480707474
416155701
449174456
323304626
354090903
330395779
281890980
487107749
512941293
497701265
489074099
523957055
476651481
384711271
485378143
490797004
479919874
553289989
504940368
461427664
377997756
517469896
348901451
467736688
508209225
384697628
490063336
516112562
498305827
349558149
489534628
289967721
155918093
130591513
131405739
126955885
129108925
165111337
154861433
156172415
150963864
178183581
131779763
166206693
133868671
157611036
171676983
143452382
153666674
133575005
160231037
131359645
130612029
144360261
180859012
173907954
121308163
165305403
136121545
132188838
143282021
170062946
139526615
157290581
128104530
173916948
159380511
128375031
165794459
159437891
162504963
165432967
167081273
144545428
125025613
251793956
159690076
138730287
167671184
170456885
135025341
158689008
166543423
135445706
165135373
124231930
165496772
168045703
130743713
142663014
149405803
136709715
170320298
161693039
135313735
166777299
152681289
130868248
136354445
168663487
164367337
166570724
142430289
182701199
129167270
156246711
168854946
165437006
172309721
141081163
144372037
126281091
152093454
129100281
138790274
134779846
165503369
155692510
129651735
171500680
169969599
142021821
154728247
146400421
144918533
167067132
130501527
150692119
159715228
140400546
174811288
133433325
149067488
156822324
131861650
169915390
144387561
125930890
141323248
156918337
120627490
133957331
163446766
128298063
142755678
146766619
136314969
147313015
178216265
169312643
178936954
166549006
122778631
134119751
149930247
160888603
156501108
170501332
139185445
143725979
132826786
130722604
131101419
164007552
132479253
153877724
164020990
134203692
156600768
141863840
130371493
163701830
153918094
156502251
125295370
137792837
154266623
161760870
137081327
162611024
138965395
134890748
124902170
143733777
172721920
156937964
137819267
128050617
163104845
166861638
149480449
170789550
126902594
175515230
129807360
158640339
126602547
124744145
132168228
129511393
180766303
144043747
143886417
136881542
164751946
153229521
132426533
121128975
148181084
158550590
167905429
138065873
130826442
163893105
125834856
167618596
130495854
174582215
138896289
126680649
129857452
160752473
164368312
161405169
136021961
136844011
132339085
156410122
170411899
134966397
143539396
162706813
174752947
153709890
155921851
176323129
183519337
138674696
132115430
166489226
132409259
128678509
143707665
135523750
135200373
174028663
175496602
158806728
131075537
129816247
203540158
156248994
120179971
134232398
165369181
141152756
163612172
136399306
142959697
133951177
179846374
129623285
129142820
174056674
131410920
168143027
131507512
133477446
138270758
168783635
169844896
137664510
172325629
161658960
158576133
143580228
129922376
132412976
165825314
152998144
126886306
156973028
176476327
141889892
133986932
129730838
170356421
168759058
146893424
137343551
163412061
163151279
158078698
176402367
158629281
172208613
153207561
152494492
156441160
155014501
159458761
158784058
139177077
169068044
144828972
132986799
121584161
147799015
137404624
145512724
167381049
169033403
124786074
169008823
140273956
162176889
164526708
136170900
124473805
126422442
140482765
134862660
152984795
133231204
142772633
170527662
131093673
128327571
172325294
132042853
152941474
150980601
135360952
128853571
162212299
131445928
133285751
157955957
127956103
175547754
162952818
182143868
168533515
134741641
166397065
137703156
126412221
154547358
133499050
168910462
135234464
136569106
140044740
156668322
150022761
133615619
136217649
159770399
132625525
139070530
136255450
134837239
125995198
158473529
120865677
165446528
141905788
131146124
128690599
168064859
151157557
172008300
134070560
154931995
157546719
157351202
120760515
157675294
125656528
147131187
161456356
172505053
153746674
163561342
156128967
138033276
163110136
144385860
157481686
139174564
130461082
159689592
161733252
150128455
152222829
133856586
137732571
162788934
127214592
136135104
165856039
153965607
149620785
131479421
134290991
168018686
160914479
162024749
170090434
136095226
164293189
135469198
169248053
154156026
133474388
138708106
128999088
160162403
166156897
136044766
134926583
148418486
163288025
157767128
158330710
155435981
165091001
123402006
160059486
131838309
161291680
162819392
177384592
135629107
163095538
172235493
160171285
125699527
137071135
170853112
126883334
163972872
147973200
