69526024
64745530
69044067
67294827
67108923
69860434
75330748
63475794
62373410
66296166
65477008
69965652
69699784
68454427
63236593
64167695
64532486
65387103
65782228
68854196
68817896
75549632
68277752
69221425
62739048
64947753
68520394
65482953
67287394
67720641
61537602
62751783
63105378
67639257
93100205
63251419
68426481
66847328
63141254
63668358
66959230
61179096
61468826
67966286
92377829
100672308
64026102
62543276
70587479
89163266
65175537
63051255
68000702
66954739
59839750
66718069
68343441
84703460
63244169
71330006
67105676
66223299
67368429
95335548
63351512
99160711
62359844
62287794
63303546
72680783
69469789
67700989
67312123
67669208
67437653
69436754
66295834
68441089
63041830
65820587
59972885
58401705
67357339
66880733
66913771
92235914
69074637
93299941
88300271
66721106
63762668
69098504
66452650
66976813
67699752
67929880
61768344
67993048
62146506
61957271
62429118
87112062
62698571
67833392
95536914
66193645
62230758
67947082
92680211
91341691
64746199
63879063
63258054
64152753
67447935
59115873
70868070
92363892
75179003
66687998
63563107
58678458
90955240
68264108
66790830
60428297
95281510
62978528
96253498
64152496
93360199
75042378
68155874
64975343
65954135
68099485
67973886
64332748
62167248
64942923
69417780
62960644
62609090
63322405
66886995
94717723
66537017
63223278
63545569
63820051
94256998
69793761
62936947
59342590
62621823
62079691
67906169
63666963
64060153
61685828
91099704
64590686
95513102
67481805
59576444
91533352
65000819
68642194
63912787
63873481
91196091
62885925
63965204
63965502
69889592
67993567
64374554
64711794
61288186
69394998
63685771
74877879
68568293
91619466
62234825
69715929
64330048
63358387
59752803
63684365
67715030
64324205
59886728
67180812
68157614
86812063
64892365
67383857
63447809
86346579
59255673
62507004
59824850
67946186
70052019
61312379
86785218
60080243
63414038
63346114
68812170
70714740
68836832
64456414
62944622
68898720
66302466
86603321
66714698
68739965
106178396
68471052
62683876
63224375
69193710
75551426
95205428
60685624
64533362
64215388
67492099
62298056
93923920
61836270
68630185
67127732
93928471
68930178
63986847
92735026
98581451
65265245
67578571
66861966
100625225
99529576
92348191
64843320
65961083
63850080
99138673
67494447
62740194
64042957
63663870
68011206
66729560
66215565
69127244
66969109
68879649
96114450
59740362
66352832
78905522
65418247
78498021
92938424
96257053
63481416
71181970
72902115
65441988
67019632
67333639
67865341
64561164
68035750
76090138
61941570
86677401
63263219
90740910
91664326
67616559
62690199
62890902
65405527
61072695
59326747
67119621
95975224
103589835
94145035
69736899
74204948
67637888
63216921
64494124
62742366
60767340
70080126
63223978
67671938
64547432
88045845
62247116
65976623
68033393
70376565
63646953
64771071
62676686
62317508
66888708
66886568
67767406
62465144
64156888
67478885
69601771
64534949
64050151
73952864
68959292
64079021
67443767
86165097
63213542
67140002
66010076
92457430
64131041
99287918
68394002
96727758
60500124
66386424
90385590
63534573
65241918
69776631
63210172
58151924
103736823
66926461
65789338
62746684
69940774
65201128
68959105
64014506
74949913
67495505
63916475
63857401
79696034
67385037
63746952
69115504
92673064
100165118
63357254
62471148
64395239
92641062
62094178
96091893
65406555
74484658
77440873
74563017
62762258
64320342
64755072
66648579
62773951
91739176
86752773
92851092
64044876
64148826
62474862
65538756
100239268
62794891
60970662
68615633
65070103
62617663
62175581
89786472
69581891
62914806
94520027
61079390
63985623
65109732
60180782
63239857
68043831
67305661
102943318
103514140
93061943
68287285
59536500
64715115
85542970
62183510
65389946
69176852
86994199
62906624
63681047
67257782
102015886
65659116
65359106
67173155
65717585
67205158
70431289
64249845
63264349
63789260
68215542
87016690
68639669
66314093
63460412
65908931
68210205
87381485
64423834
95834293
62642605
59499550
61356875
92885659
62978092
63498738
60775934
92215788
66231300
61168671
95070932
59873482
65357336
63894138
63282069
59959960
68473527
89970791
67574906
67985086
69203766
67175061
64628721
71973492
92643365
67699574
63826670
68433594
67660052
62324645
76731273
64547428
63415899
66683194
69329877
62799949
68784291
70643182
65833992
62409258
92043613
65106355
62822149
65179268
63909595
67415755
65257162
64645094
58185642
62836828
64643063
63162367
66501978
67630545
64984560
67669240
59630916
64646477
91095205
68358681
64298692
76156052
63967628
68229025
69004948
69435645
63462871
107640687
64064196
86545837
64496988
61087526
75112327
87841310
66642095
91354711
61320113
62799305
63192672
63105578
90821802
65200425
67749191
68174078
62986080
87409672
68237765
67035470
66891490
68203355
92322766
66283955
59984554
69019721
69093081
68440607
68560338
65680481
95998133
64251124
64270028
63166752
60226427
67739988
67906671
90530656
88871008
67508840
91649464
67242785
60051692
68223422
61532508
68367362
68731444
60703353
61819603
67949302
111171529
101012760
92270887
65365085
98056994
64064162
68902530
64226747
68070649
64227518
69710274
62293591
65041696
66633570
61688780
68144518
97812986
66904095
68087627
64844210
68284249
66488670
62994131
67190542
93671329
64903131
90922340
64526502
101972595
68567946
63796306
88758922
67692051
64177244
62943353
67877222
69387013
69146775
63376468
95465172
66399360
66211734
66474644
65863929
108391487
86266195
68820668
91603879
69970168
100300298
87605234
63378220
91255389
63226261
64583097
96804433
71624967
65842646
70743434
64396653
67791879
62609565
67023679
63598734
98996263
68045715
67136239
60842776
67647907
68698932
63636545
60175544
68943228
68309893
64556327
63131226
62647007
67553034
89411139
65760209
64505881
68979721
95563906
67937839
68008006
62185696
94806234
99702064
63872223
64115334
67816639
90048403
67520259
68090745
66721704
68880554
66448074
95923841
95548099
62958338
91378032
69315051
96926278
68608399
91539520
64167591
69502708
63983576
69015838
61925938
63205080
63270966
62693589
66887152
62969390
73296240
62839611
68233455
66503434
63840073
62840227
95095548
67794177
86239647
96119784
77880761
66993830
64191753
69104362
90628221
65842044
69063787
74342989
63924391
68114612
69132261
95781507
62641627
66590637
65008431
62263617
96726465
95737923
61576632
100502247
65788717
67844168
63182394
64772639
108606422
68219599
91186869
64854203
70362255
96154097
63071911
88540489
68416652
65475155
64872211
62698181
66982462
64854804
68924455
61655389
68956209
66562842
68217809
69098026
64865077
67688725
62021460
63060508
66477763
63572671
63156802
62783445
67700001
71849452
67741160
66406374
95931227
70519301
68025980
65866810
95655191
62231765
69088531
91759917
68100646
96054763
88307808
62429448
67584984
61900087
65951140
66055458
64231474
68125611
69499195
95569274
62751163
68052762
68133901
63743747
59901475
59917193
68047947
102717972
67716699
67560921
63517532
67625187
63051263
63757290
63417122
66693083
65129111
66769382
68856077
63421196
65114759
62727563
61208470
67480937
60190592
67479698
88123734
69099505
94096004
64847105
94643246
60737387
67363596
65185061
58956411
67970948
67141332
68447550
100058453
69405193
63564506
67293323
91272153
63860811
100221076
63659867
61037669
62278154
68622746
64636516
68613308
63304071
65691505
67625403
69149909
63879141
62210454
67691880
63571480
62615058
67046365
63938885
62371814
64255944
94786422
63300330
62938198
63150996
68798278
67435254
66246184
99478594
64213040
91400010
65754386
66143944
73407065
65641844
63758583
62298399
63532583
72896765
69239055
67161750
78720912
62623858
59275611
63873440
67848265
65132129
67168603
91611388
91842623
66526285
66059473
61842569
59045776
63742579
104165052
61771020
66842706
63666738
59167062
69284334
60865080
64068879
65337575
60335461
99577872
61030155
69237372
97683625
62512419
95232276
67154835
67010988
64432178
67965576
61686057
67929812
63654600
69298300
63869453
98476236
69544271
68800521
58984966
69345558
68019539
62355092
58550196
67415025
67192063
69930637
64366763
64256635
63729726
62626525
63017434
98990782
66107447
91425079
67962040
90467350
89999613
90446651
63683436
63236728
66195541
64775613
64254703
63925389
75960106
61450464
63720999
60013283
104495443
63072396
64701678
96836878
67252465
63331823
68895636
91098505
62512119
57763646
90089161
86454442
58992246
59578446
69408699
72099829
91204458
62825292
61806900
65145405
69717316
64921590
62424555
100027166
68295739
68234103
66442217
62896652
66064856
92471335
92330549
68885249
91185871
69437168
68524313
69191206
69302492
65944878
64368545
66126044
61918020
91595057
64473207
74581037
92223784
63348700
63477197
96488291
62005280
68383416
64196029
64184775
64703311
66961159
66299028
67936277
63480424
67337752
67912879
68069473
69129408
64122660
63848209
69339197
65592464
62341383
68680194
67677426
69026322
61769770
65646848
61869394
90993541
62057827
63260308
63438497
101050253
90479727
99681860
63169001
62989753
62630495
64161946
68374659
64339610
70526825
61741362
66318601
62337326
66620475
66617321
67148830
65926611
98779602
69594771
64073983
61958858
66649601
66317314
67926384
64696338
66664937
64675203
62456470
61929149
61159556
88988531
65162856
86716782
65904172
69246691
68241481
68036578
86823931
69431377
63662048
62731942
86784595
62493938
67879167
63245912
63215487
92082451
60216877
64940375
67906044
105656307
65235332
91309544
68500749
64759832
59186767
64581912
68481293
68643797
68337337
66243839
94554180
67608708
94378959
64193293
68484194
68664374
93920373
63945578
102491010
68203991
67268282
63995366
69568384
65553388
99611542
60353838
60060847
61819428
99588704
97099063
71504782
63227196
69295805
63792391
69561434
70714890
86267180
66698783
66934671
89937697
97196390
68320829
68268656
68556273
63660792
93322070
92893583
66900805
62598792
64008285
101882585
62387135
87162365
63336477
68750418
65761883
94264619
68929950
67889742
66478105
70288528
68069164
66488814
67480795
63894709
67818080
60830919
91383323
74379571
67046274
96341418
68676494
65565556
63994936
64298724
63399587
61934766
69687658
68031316
93491595
69104724
69116737
67386362
91614941
94955403
68865830
66237712
91066118
67205865
59024307
64277024
63593733
64520576
97690072
68951640
60111051
69237326
99648119
70004541
69880180
67834857
69819988
63989159
64672326
64081821
63114862
57733851
65410996
67117801
90870479
65022497
66619574
69448287
66840077
68326716
67620730
69191219
68904467
102183382
67798284
94880604
96237580
65023123
90851697
68458958
100073182
60177167
67729840
63708868
91740414
66875734
66979607
68693973
68178114
67735363
73170960
63785681
64866956
63457716
69106261
68344101
62104639
62879246
91460595
104623535
66814560
107306628
92244695
67992885
93426708
67616210
67211548
70364417
92445502
67859023
65422582
92701234
62734321
68490052
62909618
93452354
67907168
69090745
67311718
64477571
93760144
96588452
59683052
93343829
68516154
69169453
87638634
58327955
72592486
67569221
64174719
67609733
58703694
68339654
67693874
61322336
91417494
67517704
64427954
100170749
66345066
69390087
72518062
65410668
65780795
65070976
80865122
63775834
94985580
87159142
64607644
94862922
94962545
62698047
94027697
68014502
62565199
65371305
65378796
64985985
65360007
95926506
67146092
98231230
67115582
68370117
66628391
65835439
92020786
92964362
67182711
66998764
67593231
63425295
67680557
63814652
62753437
93962135
66045412
67152378
69231560
63625348
96024315
67272907
64356424
66210419
66830858
100813179
60578536
91357700
67005629
74924921
64350897
96741381
69578566
102347221
69489811
68766398
72507776
67234442
64485026
64849467
68099011
68497208
86766974
69461038
69913632
64501781
70266504
90659749
64419443
67691407
65230442
86619150
60151370
62059801
68256530
70576708
64764730
93470066
66544362
64830679
70674683
68337283
65291070
64549739
69407070
67998001
66448926
63685237
97845477
65922586
71260103
67124943
66101942
66660460
67846966
73108289
67551613
96208799
69328640
62535995
62841709
64538187
68550313
68219742
64565131
69445287
64920406
68777501
91712494
69607713
65064687
95821982
66035217
69088823
66989404
63230260
67232209
62712609
68441787
62961841
63817236
97938711
59807640
104117924
67744691
68374908
62632528
64877426
64366357
100168921
66669248
64653523
67116226
65146904
63353457
68856823
99811962
67257332
100743838
91837662
58889345
66397821
64615861
62445736
210600439
63747299
59880594
62823068
64378268
101675159
60020545
71297443
75544969
62416411
67280573
66871987
64500598
69396379
67103602
62475625
66018951
63244928
67424920
58946595
102448756
90393179
67859238
68713129
62410892
96106411
74808630
68685318
62743595
95907422
69166506
66299162
67189316
69729560
69462381
68740911
70568809
60691964
68266893
68013894
68670849
68495468
68531106
68910872
96424618
69819899
64481123
111648130
68764383
73864608
66260446
91830509
65858739
68646894
64109914
70301676
99542511
68581041
71028763
63460300
163100446
70330599
68339383
65893926
67448322
97998675
95372655
68918884
69386358
67696140
68126734
68313817
87039874
95734705
68721593
107939046
92134155
67063337
69218641
64210066
64334471
63321388
64558591
67558112
69570128
67282189
86156177
68478652
67413652
66684087
70767211
70214007
66145002
65932651
69124609
69077462
62527399
67657463
63284414
67511393
63417492
64837889
66482936
66333800
68104573
103995808
74108794
72158629
63889800
68726522
66998313
65040174
63025708
65705390
100664381
63714308
61493900
72110549
97715313
65095997
67759150
64242330
70604828
63895857
63393739
68178219
67310521
62523227
70498949
100443604
62830335
92315019
62615807
88862717
68521777
67633047
65255468
73481678
63288487
64012004
67398589
98639603
70534960
70192750
66373375
68143418
67729657
103090129
97182545
67242122
67786110
65429048
72558393
68481758
66614446
63696175
67357296
68025049
69760762
90788967
66431504
65798287
67028534
68265224
69318388
69141979
90350692
96353071
91087205
65695521
67937548
69112158
92912737
94352959
62961526
67367651
70951214
67683161
68621301
67890563
62949001
70113228
91588555
95251550
66768977
98495932
69091238
67125745
67048809
63850725
67158985
90882751
64645144
64535837
65994939
94899606
67165194
90322970
67824757
64028169
66542766
68858397
62948693
68149602
69079323
68003165
61565577
62921848
63008950
66846099
62163433
64388710
70084887
65829956
65503954
66204964
63947356
65012288
67343851
66914658
65715115
64003316
65632502
68824464
95773646
63783411
66852339
60625322
65563707
61915275
68966775
61520360
62213965
67780481
62838582
91531912
62958597
76250067
67793838
63750309
70252584
71158577
61718940
67036089
70429834
67103756
64885289
69713505
65995801
67498644
62599510
60904557
70314130
62772764
95873525
69215335
64823261
68787389
63493490
101198090
62237484
69152237
67039946
69258861
67257206
90032107
71750040
69598873
68551865
69289797
99504236
86434897
62640198
67245949
68054099
98577957
68056835
64919318
62525007
64747151
93252201
101587173
64233993
65555447
67300531
60585160
70486188
63040604
67266923
99396639
69726630
94038593
62160173
61319772
69887624
75386926
67753070
68699700
64221129
67862570
68591555
68360473
68143217
87401076
64042835
68645038
69367117
69130328
68041424
69258580
90036096
96473202
66695774
97478568
99226085
61188700
67757532
68928915
64136958
72012357
67324763
64703136
70073587
71731331
65570946
60923427
67769718
67909639
89582959
67770639
66297188
60968505
91350967
62741959
66389511
62238676
67290405
66629406
64215853
63024594
95889643
59976674
62555889
99839913
65834646
68781694
96069090
75212270
68708993
68328138
68862534
87807798
67294196
77820526
67595317
65062610
69704130
62669499
65968961
58539943
98768459
65298521
66336227
91619291
63638014
63275034
67655367
75369863
67372994
89569237
70260382
66487527
67189729
62202386
60446647
63154337
66822313
62907920
66177194
62116476
95015313
64765306
64436930
67693722
68208848
62750505
68358155
64653147
62529590
66403433
65566475
67931518
67998719
62759772
96699689
65103405
93173265
64998089
62338689
67449586
92413735
68630843
62361836
61798378
66272755
64514670
65355224
62475298
62684217
95065685
59974428
63413102
60578135
60136460
66436423
65467954
66408427
68148104
95504338
66457467
67533763
62845837
62978876
106902455
66547646
68105500
62870435
63811453
69536854
73414853
64118745
69889919
63207885
69553991
68877453
98450951
95246924
98339973
67744706
80876975
68946763
96431638
67986006
59766994
68478838
68244288
64365977
70684574
64706907
69805275
59456214
62546459
69384975
68323728
99449524
88616283
69170560
91111431
69313329
91991013
96383615
66703259
63105303
62442485
74633570
63803195
68686893
67500984
71545365
72449404
95741255
64522574
63632820
69328691
68895112
62299535
59759291
95958190
95978603
69129735
70171904
68751952
68549247
64467598
67855653
63982714
68350899
74890199
72063328
95345796
67314056
64907390
67972977
68668123
63709828
65658817
65050132
69301759
61272553
63516580
100663210
63029950
63193073
70173295
100179346
67552665
65420600
73049089
103069227
68995272
64389654
65248397
72096379
99589607
65232759
65081199
67401100
62794019
62563578
63568738
65207327
60594334
92821613
92453071
64584805
72721508
68807018
69172887
63596594
66388691
67064428
64717551
59402732
63022318
64108848
63954625
65050534
60216514
67686398
67722333
69096792
105975119
64228031
67605412
69001679
69235956
71403727
66137070
103233583
61347671
100401530
76496849
62215532
65656012
66646909
62586688
70082541
63925484
67731822
87000880
72784905
65467207
94309305
64023831
63892520
65571359
70844954
77934963
64709577
62905450
64679300
90731729
65494502
64011673
64835237
57934376
62647638
68330497
63901948
64177732
69562085
68969316
103005510
73923829
68828016
67821514
67849127
97334928
63586799
68141743
72087973
67283403
67869769
69103819
66422433
58227053
95493330
67940829
62818233
64715595
66002904
67248757
72023983
67485116
70104877
96415066
95985610
99219265
68583211
64052481
68648285
62080654
67428165
64065253
90306446
64729557
67060546
73235206
66046665
90253784
67550001
62848575
65333029
62742424
68444935
64084699
92977170
91135990
63004962
66941851
96584014
64731174
65121525
68779196
88525336
63037509
90811162
96597429
99532017
67648733
69064505
69519361
60965263
64362745
65229750
71681779
93043429
63984979
65716136
63236962
59812673
66537468
92036373
64171378
64604388
65864376
67619966
67745312
67624120
91779368
61474165
91616981
70749229
64661860
96394705
64934079
66823339
65992739
62806449
94815378
95171347
66751553
62408495
64145847
67384564
96606067
66138067
63461649
60945667
75456938
62854033
67447155
95119031
65590675
69387410
62319010
87251509
64057950
67560066
67258899
63794428
94509537
91500624
64019043
68083064
66453472
63872412
75576670
62655612
66538318
99572115
63291780
62812981
88333674
92190958
64601577
67713490
65071519
68833136
67847286
94454504
64222973
94456596
65468189
68637125
67144426
68555731
68070823
58640298
61192895
64491170
97050566
93860590
64398282
64451836
63287661
67838928
68400153
65527987
66293613
63472654
63827026
66621681
65969916
59995763
63201691
64243309
97499261
89876533
91515302
63422428
67725229
63371462
91234469
64602104
65984305
88757038
69532026
65090675
64796171
68160723
63656551
68300970
65737796
66811600
62470764
91999597
63988450
63165084
65553221
64193684
68357342
88986319
62073820
68016035
63626038
69203800
57985011
68260819
64753153
65283759
103336008
64036723
64072808
63571601
95440658
61984131
67279115
68315172
68062665
91083044
96267020
102783044
65653000
62746549
62077687
67838501
67443033
68976868
62304206
66896948
89895572
66207206
66425572
95296081
59444502
69042429
64284459
100764186
66075479
61435361
71715901
69319465
66447065
63980028
95112858
67394433
68050643
66417148
66100953
64623102
64746517
63858413
62639918
109031326
62562133
67347634
68184970
65865153
90301763
64226904
96756214
92321199
71492353
61507010
64088250
91188212
102200437
69375905
65286261
67125791
69959426
63258127
96011195
71202880
64352185
66370838
96142380
64512644
69835422
67760559
72448121
76452627
97844924
69118046
95813944
62852262
67957147
71892871
68531621
64341134
62562727
68850499
66330658
94926313
85211025
64004069
71332041
74760966
66099563
65106632
64293815
95937854
62864733
99199562
95702638
62030217
69226813
69825853
66451628
61834119
86742832
64111080
62057525
65898783
90012204
69524134
69720638
60472260
63249399
68997588
67206706
68197807
64594758
94460012
69251417
64973581
71168896
64505524
71378131
64101773
65398896
61602946
62171790
66208152
67029296
91476106
95723008
67186564
58241049
62300375
99319621
61094081
96072857
62920215
91665964
67034187
67759983
68014605
64320539
70587055
92905514
63882263
71552546
64554055
90873023
92343990
62530663
70123097
68559239
67331279
70805431
64198926
69395661
70637010
95000697
69820332
68413722
63618373
66329873
62523911
61340857
96940586
64740778
62454410
64382196
68857193
93397874
60945075
57346812
101205457
66438812
74123732
98562357
65039837
63290211
67977073
68346005
91893013
94523980
67849205
96018877
71417121
66485844
99299335
65791335
95624918
90530941
67862142
62098360
70679037
60625381
66163584
99667348
63070874
66074664
66997877
97132959
95425576
100393085
68941282
90952849
72395357
99661516
90965895
64554446
67264651
67613355
67385633
67577290
271858918
86466194
319947597
169790482
314718629
173166766
177426183
168655141
306114245
168608944
176121634
323238929
214948083
85049374
271923379
268406983
247780259
172109273
170154998
479492068
179443363
175753657
331085208
339811385
176406094
172931354
332003779
471981638
201360866
192520539
154662221
155335294
304805395
332978961
300759248
178975131
182030981
314873897
341352607
316107431
171812951
206283171
346655813
91979262
87899466
62501452
67731770
63145949
64881963
59586010
91301573
114067521
91381766
63723022
62171464
68779319
66171797
97730907
97090528
63854254
96293300
66739569
92475050
75158731
64471504
68476375
92144032
92281279
59098663
92631816
66194262
63118097
66567093
62249117
62752198
101008395
64207463
94291309
63689449
66492975
86975284
92422870
59450074
64154078
91329264
91136169
68636715
94576020
91168471
63438674
59581375
61785241
70898821
101109028
66484284
64377113
91550212
69642764
105145199
96224204
65368574
62531965
87892080
63724097
91471823
92209570
69532617
60608161
87257748
66592984
66688796
89981327
67706549
69109253
63317307
92634589
66447988
90771362
93503918
59534367
64607822
62643130
65649112
64429777
90851701
69110246
70039339
66816609
96648878
70227258
63006662
96110566
101872037
68014231
62650944
64251846
67325007
92110298
67978645
61670706
95189172
63158937
63555140
62506964
64140575
90139298
78318622
60647263
64783674
68359289
73499345
69176463
70682359
62890114
93114467
61068239
69061086
65667038
64525017
63973067
95451642
96794346
97287471
61171013
67574889
67885016
65140774
91530062
91806884
92364357
66920282
69665669
63208681
68287773
68157877
62884091
67218682
68385057
69415471
68009492
61964159
62975759
67777101
93054916
61223263
91590497
66143224
64172007
92371838
89593796
67023670
89699701
68526459
67615819
62835226
64384568
93513280
64904307
67608406
68845298
91262344
87169283
95757178
88352950
67927747
64130034
58480342
96000294
67210849
67661592
63858832
64808668
95613695
63359964
69372682
66716256
63899144
67337546
67692257
58041703
63306789
68649422
62778388
63510131
67232223
60054829
68367956
93082965
68132589
99816881
71920275
62304244
68359087
65162637
101179054
92156411
69254623
73218812
74950159
96806870
71283177
65007373
63705355
91952122
64884333
68405825
63036801
96327856
65491035
68500704
67730750
106679173
64376502
62750589
71395473
72573480
70969679
97587554
91480685
100412696
67316874
61500281
96589974
97839419
66902517
69208307
92276317
66273538
103744942
63134042
76708560
74567601
92170565
69377742
61914930
99189060
70224207
59103412
68831041
67553216
67765409
91798257
91658011
66018668
97231810
91947979
90793274
65035764
63487182
66480605
62021308
88016878
66340678
69050921
64573211
67371526
70888471
67341337
95164088
96936191
68681924
62642919
65848654
96211814
68411025
86147772
63821667
93340591
97013153
69472043
65064172
100113951
99061705
66100763
64071082
99594950
65394986
63043190
67962617
68453187
62301786
86905537
93076611
90995451
62941085
92325848
68302523
99570357
67503677
61989611
73926744
63099695
70199169
62264551
96280245
66714465
67137993
99446014
63102735
67548840
91327867
66960812
58656240
64001085
67101394
62318104
95720590
70465380
62733856
60831805
57568403
64468173
59800852
100476815
65305056
67118087
90897351
62933735
64808135
62889967
73706433
88583603
63231870
65957650
63153899
72200119
91825095
68559140
61610126
95005944
64438964
65672963
61789411
65300592
63142359
97029586
63332025
95183613
94799483
63773323
68577798
98329457
86523063
63015583
61865001
96029472
63884662
85833796
67645014
60506572
62721228
62255996
70256238
91849830
94996468
95356377
98386200
62136422
91456081
68794896
65824927
67941240
69009233
90624184
69706279
67247273
91275851
63488507
68181744
98463489
67011368
70870590
93784892
95736908
63699907
67788173
68994198
68467606
93349318
64295234
96663186
67438473
62141759
65891314
90733648
65523080
67354115
67544658
61738946
59812737
94892504
63175235
67637219
70456894
63200919
59057332
64269534
90373824
89034162
64074232
96979818
69145326
69013743
68865300
98075659
67811262
62377300
95728871
68671800
97922068
66864520
64916241
68585123
95808148
64616860
